This is pdfTeX, Version 3.141592653-2.6-1.40.29 (TeX Live 2026) (preloaded format=pdflatex 2026.5.13)  13 MAY 2026 23:25
entering extended mode
 restricted \write18 enabled.
 %&-line parsing enabled.
**lab-simulator.tex
(./lab-simulator.tex
LaTeX2e <2025-11-01>
L3 programming layer <2026-03-20>
(/home/abdulhadi/.TinyTeX/texmf-dist/tex/latex/base/article.cls
Document Class: article 2025/01/22 v1.4n Standard LaTeX document class
(/home/abdulhadi/.TinyTeX/texmf-dist/tex/latex/base/size12.clo
File: size12.clo 2025/01/22 v1.4n Standard LaTeX file (size option)
)
\c@part=\count275
\c@section=\count276
\c@subsection=\count277
\c@subsubsection=\count278
\c@paragraph=\count279
\c@subparagraph=\count280
\c@figure=\count281
\c@table=\count282
\abovecaptionskip=\skip49
\belowcaptionskip=\skip50
\bibindent=\dimen150
) (/home/abdulhadi/.TinyTeX/texmf-dist/tex/latex/base/fontenc.sty
Package: fontenc 2025/07/18 v2.1d Standard LaTeX package
) (/home/abdulhadi/.TinyTeX/texmf-dist/tex/latex/enumitem/enumitem.sty
Package: enumitem 2025/02/06 v3.11 Customized lists
\enitkv@toks@=\toks17
\labelindent=\skip51
\enit@outerparindent=\dimen151
\enit@toks=\toks18
\enit@inbox=\box53
\enit@count@id=\count283
\enitdp@description=\count284
) (/home/abdulhadi/.TinyTeX/texmf-dist/tex/generic/babel/babel.sty
Package: babel 2026/05/03 v26.7 The multilingual framework for LuaLaTeX, pdfLaTeX and XeLaTeX
\babel@savecnt=\count285
LaTeX Encoding Info:    Redeclaring text command \ij (encoding OT1) on input line 2080.
LaTeX Encoding Info:    Redeclaring text command \IJ (encoding OT1) on input line 2082.
LaTeX Encoding Info:    Redeclaring text command \ij (encoding T1) on input line 2084.
LaTeX Encoding Info:    Redeclaring text command \IJ (encoding T1) on input line 2085.
LaTeX Encoding Info:    Ignoring declaration for text command \ij (encoding ?) on input line 2086.
LaTeX Encoding Info:    Ignoring declaration for text command \IJ (encoding ?) on input line 2088.
LaTeX Encoding Info:    Ignoring declaration for text command \SS (encoding ?) on input line 2113.
\U@D=\dimen152
\l@unhyphenated=\language5
 (/home/abdulhadi/.TinyTeX/texmf-dist/tex/generic/babel/txtbabel.def)
\bbl@readstream=\read2
\bbl@dirlevel=\count286
 (/home/abdulhadi/.TinyTeX/texmf-dist/tex/generic/babel/locale/en/babel-english.tex)
Package babel Info: Importing font and identification data for english
(babel)             from babel-en.ini. Reported on input line 4348.
 (/home/abdulhadi/.TinyTeX/texmf-dist/tex/generic/babel-english/english.ldf
Language: english 2017/06/06 v3.3r English support from the babel system
Package babel Info: Hyphen rules for 'canadian' set to \l@english
(babel)             (\language0). Reported on input line 102.
Package babel Info: Hyphen rules for 'australian' set to \l@ukenglish
(babel)             (\language3). Reported on input line 105.
Package babel Info: Hyphen rules for 'newzealand' set to \l@ukenglish
(babel)             (\language3). Reported on input line 108.
)) (/home/abdulhadi/.TinyTeX/texmf-dist/tex/latex/graphics/graphicx.sty
Package: graphicx 2024/12/31 v1.2e Enhanced LaTeX Graphics (DPC,SPQR)
 (/home/abdulhadi/.TinyTeX/texmf-dist/tex/latex/graphics/keyval.sty
Package: keyval 2022/05/29 v1.15 key=value parser (DPC)
\KV@toks@=\toks19
) (/home/abdulhadi/.TinyTeX/texmf-dist/tex/latex/graphics/graphics.sty
Package: graphics 2024/08/06 v1.4g Standard LaTeX Graphics (DPC,SPQR)
 (/home/abdulhadi/.TinyTeX/texmf-dist/tex/latex/graphics/trig.sty
Package: trig 2023/12/02 v1.11 sin cos tan (DPC)
) (/home/abdulhadi/.TinyTeX/texmf-dist/tex/latex/graphics-cfg/graphics.cfg
File: graphics.cfg 2016/06/04 v1.11 sample graphics configuration
)
Package graphics Info: Driver file: pdftex.def on input line 106.
 (/home/abdulhadi/.TinyTeX/texmf-dist/tex/latex/graphics-def/pdftex.def
File: pdftex.def 2025/09/29 v1.2d Graphics/color driver for pdftex
))
\Gin@req@height=\dimen153
\Gin@req@width=\dimen154
) (/home/abdulhadi/.TinyTeX/texmf-dist/tex/latex/epstopdf-pkg/epstopdf.sty
Package: epstopdf 2020-01-24 v2.11 Conversion with epstopdf on the fly (HO)
 (/home/abdulhadi/.TinyTeX/texmf-dist/tex/generic/infwarerr/infwarerr.sty
Package: infwarerr 2019/12/03 v1.5 Providing info/warning/error messages (HO)
) (/home/abdulhadi/.TinyTeX/texmf-dist/tex/latex/grfext/grfext.sty
Package: grfext 2019/12/03 v1.3 Manage graphics extensions (HO)
 (/home/abdulhadi/.TinyTeX/texmf-dist/tex/generic/kvdefinekeys/kvdefinekeys.sty
Package: kvdefinekeys 2019-12-19 v1.6 Define keys (HO)
)) (/home/abdulhadi/.TinyTeX/texmf-dist/tex/latex/kvoptions/kvoptions.sty
Package: kvoptions 2022-06-15 v3.15 Key value format for package options (HO)
 (/home/abdulhadi/.TinyTeX/texmf-dist/tex/generic/ltxcmds/ltxcmds.sty
Package: ltxcmds 2023-12-04 v1.26 LaTeX kernel commands for general use (HO)
) (/home/abdulhadi/.TinyTeX/texmf-dist/tex/latex/kvsetkeys/kvsetkeys.sty
Package: kvsetkeys 2022-10-05 v1.19 Key value parser (HO)
)) (/home/abdulhadi/.TinyTeX/texmf-dist/tex/generic/pdftexcmds/pdftexcmds.sty
Package: pdftexcmds 2020-06-27 v0.33 Utility functions of pdfTeX for LuaTeX (HO)
 (/home/abdulhadi/.TinyTeX/texmf-dist/tex/generic/iftex/iftex.sty
Package: iftex 2024/12/12 v1.0g TeX engine tests
)
Package pdftexcmds Info: \pdf@primitive is available.
Package pdftexcmds Info: \pdf@ifprimitive is available.
Package pdftexcmds Info: \pdfdraftmode found.
) (/home/abdulhadi/.TinyTeX/texmf-dist/tex/latex/epstopdf-pkg/epstopdf-base.sty
Package: epstopdf-base 2020-01-24 v2.11 Base part for package epstopdf
Package epstopdf-base Info: Redefining graphics rule for `.eps' on input line 485.
Package grfext Info: Graphics extension search list:
(grfext)             [.pdf,.png,.jpg,.mps,.jpeg,.jbig2,.jb2,.PDF,.PNG,.JPG,.JPEG,.JBIG2,.JB2,.eps]
(grfext)             \AppendGraphicsExtensions on input line 504.
 (/home/abdulhadi/.TinyTeX/texmf-dist/tex/latex/latexconfig/epstopdf-sys.cfg
File: epstopdf-sys.cfg 2010/07/13 v1.3 Configuration of (r)epstopdf for TeX Live
))) (/home/abdulhadi/.TinyTeX/texmf-dist/tex/latex/url/url.sty
\Urlmuskip=\muskip17
Package: url 2013/09/16  ver 3.4  Verb mode for urls, etc.
) (/home/abdulhadi/.TinyTeX/texmf-dist/tex/latex/float/float.sty
Package: float 2001/11/08 v1.3d Float enhancements (AL)
\c@float@type=\count287
\float@exts=\toks20
\float@box=\box54
\@float@everytoks=\toks21
\@floatcapt=\box55
) (/home/abdulhadi/.TinyTeX/texmf-dist/tex/latex/amsmath/amsmath.sty
Package: amsmath 2025/07/09 v2.17z AMS math features
\@mathmargin=\skip52

For additional information on amsmath, use the `?' option.
(/home/abdulhadi/.TinyTeX/texmf-dist/tex/latex/amsmath/amstext.sty
Package: amstext 2024/11/17 v2.01 AMS text
 (/home/abdulhadi/.TinyTeX/texmf-dist/tex/latex/amsmath/amsgen.sty
File: amsgen.sty 1999/11/30 v2.0 generic functions
\@emptytoks=\toks22
\ex@=\dimen155
)) (/home/abdulhadi/.TinyTeX/texmf-dist/tex/latex/amsmath/amsbsy.sty
Package: amsbsy 1999/11/29 v1.2d Bold Symbols
\pmbraise@=\dimen156
) (/home/abdulhadi/.TinyTeX/texmf-dist/tex/latex/amsmath/amsopn.sty
Package: amsopn 2022/04/08 v2.04 operator names
)
\inf@bad=\count288
LaTeX Info: Redefining \frac on input line 233.
\uproot@=\count289
\leftroot@=\count290
LaTeX Info: Redefining \overline on input line 398.
LaTeX Info: Redefining \colon on input line 409.
\classnum@=\count291
\DOTSCASE@=\count292
LaTeX Info: Redefining \ldots on input line 495.
LaTeX Info: Redefining \dots on input line 498.
LaTeX Info: Redefining \cdots on input line 619.
\Mathstrutbox@=\box56
\strutbox@=\box57
LaTeX Info: Redefining \big on input line 721.
LaTeX Info: Redefining \Big on input line 722.
LaTeX Info: Redefining \bigg on input line 723.
LaTeX Info: Redefining \Bigg on input line 724.
\big@size=\dimen157
LaTeX Font Info:    Redeclaring font encoding OML on input line 742.
LaTeX Font Info:    Redeclaring font encoding OMS on input line 743.
\macc@depth=\count293
LaTeX Info: Redefining \bmod on input line 904.
LaTeX Info: Redefining \pmod on input line 909.
LaTeX Info: Redefining \smash on input line 939.
LaTeX Info: Redefining \relbar on input line 969.
LaTeX Info: Redefining \Relbar on input line 970.
\c@MaxMatrixCols=\count294
\dotsspace@=\muskip18
\c@parentequation=\count295
\dspbrk@lvl=\count296
\tag@help=\toks23
\row@=\count297
\column@=\count298
\maxfields@=\count299
\andhelp@=\toks24
\eqnshift@=\dimen158
\alignsep@=\dimen159
\tagshift@=\dimen160
\tagwidth@=\dimen161
\totwidth@=\dimen162
\lineht@=\dimen163
\@envbody=\toks25
\multlinegap=\skip53
\multlinetaggap=\skip54
\mathdisplay@stack=\toks26
LaTeX Info: Redefining \[ on input line 2950.
LaTeX Info: Redefining \] on input line 2951.
) (/home/abdulhadi/.TinyTeX/texmf-dist/tex/latex/booktabs/booktabs.sty
Package: booktabs 2020/01/12 v1.61803398 Publication quality tables
\heavyrulewidth=\dimen164
\lightrulewidth=\dimen165
\cmidrulewidth=\dimen166
\belowrulesep=\dimen167
\belowbottomsep=\dimen168
\aboverulesep=\dimen169
\abovetopsep=\dimen170
\cmidrulesep=\dimen171
\cmidrulekern=\dimen172
\defaultaddspace=\dimen173
\@cmidla=\count300
\@cmidlb=\count301
\@aboverulesep=\dimen174
\@belowrulesep=\dimen175
\@thisruleclass=\count302
\@lastruleclass=\count303
\@thisrulewidth=\dimen176
) (/home/abdulhadi/.TinyTeX/texmf-dist/tex/latex/geometry/geometry.sty
Package: geometry 2026/03/07 v6.0 Page Geometry
 (/home/abdulhadi/.TinyTeX/texmf-dist/tex/generic/iftex/ifvtex.sty
Package: ifvtex 2019/10/25 v1.7 ifvtex legacy package. Use iftex instead.
)
\Gm@cnth=\count304
\Gm@cntv=\count305
\c@Gm@tempcnt=\count306
\Gm@bindingoffset=\dimen177
\Gm@wd@mp=\dimen178
\Gm@odd@mp=\dimen179
\Gm@even@mp=\dimen180
\Gm@layoutwidth=\dimen181
\Gm@layoutheight=\dimen182
\Gm@layouthoffset=\dimen183
\Gm@layoutvoffset=\dimen184
\Gm@dimlist=\toks27
) (/home/abdulhadi/.TinyTeX/texmf-dist/tex/latex/l3backend/l3backend-pdftex.def
File: l3backend-pdftex.def 2026-02-18 L3 backend support: PDF output (pdfTeX)
\l__color_backend_stack_int=\count307
) (./lab-simulator.aux)
\openout1 = `lab-simulator.aux'.

LaTeX Font Info:    Checking defaults for OML/cmm/m/it on input line 24.
LaTeX Font Info:    ... okay on input line 24.
LaTeX Font Info:    Checking defaults for OMS/cmsy/m/n on input line 24.
LaTeX Font Info:    ... okay on input line 24.
LaTeX Font Info:    Checking defaults for OT1/cmr/m/n on input line 24.
LaTeX Font Info:    ... okay on input line 24.
LaTeX Font Info:    Checking defaults for T1/cmr/m/n on input line 24.
LaTeX Font Info:    ... okay on input line 24.
LaTeX Font Info:    Checking defaults for TS1/cmr/m/n on input line 24.
LaTeX Font Info:    ... okay on input line 24.
LaTeX Font Info:    Checking defaults for OMX/cmex/m/n on input line 24.
LaTeX Font Info:    ... okay on input line 24.
LaTeX Font Info:    Checking defaults for U/cmr/m/n on input line 24.
LaTeX Font Info:    ... okay on input line 24.

*geometry* driver: auto-detecting
*geometry* detected driver: pdftex
*geometry* verbose mode - [ preamble ] result:
* driver: pdftex
* paper: <default>
* layout: <same size as paper>
* layoutoffset:(h,v)=(0.0pt,0.0pt)
* modes: 
* h-part:(L,W,R)=(72.26999pt, 469.75502pt, 72.26999pt)
* v-part:(T,H,B)=(57.81621pt, 664.88379pt, 72.26999pt)
* \paperwidth=614.295pt
* \paperheight=794.96999pt
* \textwidth=469.75502pt
* \textheight=664.88379pt
* \oddsidemargin=0.0pt
* \evensidemargin=0.0pt
* \topmargin=-51.45378pt
* \headheight=12.0pt
* \headsep=25.0pt
* \topskip=12.0pt
* \footskip=30.0pt
* \marginparwidth=44.0pt
* \marginparsep=10.0pt
* \columnsep=10.0pt
* \skip\footins=10.8pt plus 4.0pt minus 2.0pt
* \hoffset=0.0pt
* \voffset=0.0pt
* \mag=1000
* \@twocolumnfalse
* \@twosidefalse
* \@mparswitchfalse
* \@reversemarginfalse
* (1in=72.27pt=25.4mm, 1cm=28.453pt)

[1

{/home/abdulhadi/.TinyTeX/texmf-var/fonts/map/pdftex/updmap/pdftex.map}] [2] [3] [4]
Overfull \hbox (5.8092pt too wide) in paragraph at lines 191--192
[]\T1/cmr/bx/n/12 Drop Prob-a-bil-ity (capacity-limited sys-tems): \T1/cmr/m/n/12 Frac-tion of ar-rivals that are dropped 
 []

[5]
<../outputs/plots/MM1-avg_n_system.png, id=33, 722.7pt x 469.755pt>
File: ../outputs/plots/MM1-avg_n_system.png Graphic file (type png)
<use ../outputs/plots/MM1-avg_n_system.png>
Package pdftex.def Info: ../outputs/plots/MM1-avg_n_system.png  used on input line 242.
(pdftex.def)             Requested size: 352.31625pt x 229.00644pt.
<../outputs/plots/MM1-avg_n_queue.png, id=35, 722.7pt x 469.755pt>
File: ../outputs/plots/MM1-avg_n_queue.png Graphic file (type png)
<use ../outputs/plots/MM1-avg_n_queue.png>
Package pdftex.def Info: ../outputs/plots/MM1-avg_n_queue.png  used on input line 251.
(pdftex.def)             Requested size: 352.31625pt x 229.00644pt.
 [6 <../outputs/plots/MM1-avg_n_system.png>]
<../outputs/plots/MM1-avg_wait_queue.png, id=42, 722.7pt x 469.755pt>
File: ../outputs/plots/MM1-avg_wait_queue.png Graphic file (type png)
<use ../outputs/plots/MM1-avg_wait_queue.png>
Package pdftex.def Info: ../outputs/plots/MM1-avg_wait_queue.png  used on input line 260.
(pdftex.def)             Requested size: 352.31625pt x 229.00644pt.
<../outputs/plots/MM1-avg_response_time.png, id=43, 722.7pt x 469.755pt>
File: ../outputs/plots/MM1-avg_response_time.png Graphic file (type png)
<use ../outputs/plots/MM1-avg_response_time.png>
Package pdftex.def Info: ../outputs/plots/MM1-avg_response_time.png  used on input line 269.
(pdftex.def)             Requested size: 352.31625pt x 229.00644pt.
 [7 <../outputs/plots/MM1-avg_n_queue.png> <../outputs/plots/MM1-avg_wait_queue.png>]
<../outputs/plots/MM1-avg_time_in_servers.png, id=50, 722.7pt x 469.755pt>
File: ../outputs/plots/MM1-avg_time_in_servers.png Graphic file (type png)
<use ../outputs/plots/MM1-avg_time_in_servers.png>
Package pdftex.def Info: ../outputs/plots/MM1-avg_time_in_servers.png  used on input line 278.
(pdftex.def)             Requested size: 352.31625pt x 229.00644pt.
<../outputs/plots/MM1-throughput.png, id=51, 722.7pt x 469.755pt>
File: ../outputs/plots/MM1-throughput.png Graphic file (type png)
<use ../outputs/plots/MM1-throughput.png>
Package pdftex.def Info: ../outputs/plots/MM1-throughput.png  used on input line 287.
(pdftex.def)             Requested size: 352.31625pt x 229.00644pt.
 [8 <../outputs/plots/MM1-avg_response_time.png> <../outputs/plots/MM1-avg_time_in_servers.png>]
<../outputs/plots/MM1-drop_probability.png, id=57, 722.7pt x 469.755pt>
File: ../outputs/plots/MM1-drop_probability.png Graphic file (type png)
<use ../outputs/plots/MM1-drop_probability.png>
Package pdftex.def Info: ../outputs/plots/MM1-drop_probability.png  used on input line 296.
(pdftex.def)             Requested size: 352.31625pt x 229.00644pt.
 [9 <../outputs/plots/MM1-throughput.png> <../outputs/plots/MM1-drop_probability.png>]
<../outputs/plots/MM1K4-avg_n_system.png, id=63, 722.7pt x 469.755pt>
File: ../outputs/plots/MM1K4-avg_n_system.png Graphic file (type png)
<use ../outputs/plots/MM1K4-avg_n_system.png>
Package pdftex.def Info: ../outputs/plots/MM1K4-avg_n_system.png  used on input line 335.
(pdftex.def)             Requested size: 352.31625pt x 229.00644pt.
 [10]
<../outputs/plots/MM1K4-avg_n_queue.png, id=67, 722.7pt x 469.755pt>
File: ../outputs/plots/MM1K4-avg_n_queue.png Graphic file (type png)
<use ../outputs/plots/MM1K4-avg_n_queue.png>
Package pdftex.def Info: ../outputs/plots/MM1K4-avg_n_queue.png  used on input line 344.
(pdftex.def)             Requested size: 352.31625pt x 229.00644pt.
<../outputs/plots/MM1K4-avg_wait_queue.png, id=68, 722.7pt x 469.755pt>
File: ../outputs/plots/MM1K4-avg_wait_queue.png Graphic file (type png)
<use ../outputs/plots/MM1K4-avg_wait_queue.png>
Package pdftex.def Info: ../outputs/plots/MM1K4-avg_wait_queue.png  used on input line 353.
(pdftex.def)             Requested size: 352.31625pt x 229.00644pt.
 [11 <../outputs/plots/MM1K4-avg_n_system.png> <../outputs/plots/MM1K4-avg_n_queue.png>]
<../outputs/plots/MM1K4-avg_response_time.png, id=74, 722.7pt x 469.755pt>
File: ../outputs/plots/MM1K4-avg_response_time.png Graphic file (type png)
<use ../outputs/plots/MM1K4-avg_response_time.png>
Package pdftex.def Info: ../outputs/plots/MM1K4-avg_response_time.png  used on input line 362.
(pdftex.def)             Requested size: 352.31625pt x 229.00644pt.
<../outputs/plots/MM1K4-avg_time_in_servers.png, id=75, 722.7pt x 469.755pt>
File: ../outputs/plots/MM1K4-avg_time_in_servers.png Graphic file (type png)
<use ../outputs/plots/MM1K4-avg_time_in_servers.png>
Package pdftex.def Info: ../outputs/plots/MM1K4-avg_time_in_servers.png  used on input line 371.
(pdftex.def)             Requested size: 352.31625pt x 229.00644pt.
 [12 <../outputs/plots/MM1K4-avg_wait_queue.png> <../outputs/plots/MM1K4-avg_response_time.png>]
<../outputs/plots/MM1K4-throughput.png, id=81, 722.7pt x 469.755pt>
File: ../outputs/plots/MM1K4-throughput.png Graphic file (type png)
<use ../outputs/plots/MM1K4-throughput.png>
Package pdftex.def Info: ../outputs/plots/MM1K4-throughput.png  used on input line 380.
(pdftex.def)             Requested size: 352.31625pt x 229.00644pt.
<../outputs/plots/MM1K4-drop_probability.png, id=82, 722.7pt x 469.755pt>
File: ../outputs/plots/MM1K4-drop_probability.png Graphic file (type png)
<use ../outputs/plots/MM1K4-drop_probability.png>
Package pdftex.def Info: ../outputs/plots/MM1K4-drop_probability.png  used on input line 389.
(pdftex.def)             Requested size: 352.31625pt x 229.00644pt.
 [13 <../outputs/plots/MM1K4-avg_time_in_servers.png> <../outputs/plots/MM1K4-throughput.png>] [14 <../outputs/plots/MM1K4-drop_probability.png>]
<../outputs/plots/MM1K8-avg_n_system.png, id=93, 722.7pt x 469.755pt>
File: ../outputs/plots/MM1K8-avg_n_system.png Graphic file (type png)
<use ../outputs/plots/MM1K8-avg_n_system.png>
Package pdftex.def Info: ../outputs/plots/MM1K8-avg_n_system.png  used on input line 428.
(pdftex.def)             Requested size: 352.31625pt x 229.00644pt.
<../outputs/plots/MM1K8-avg_n_queue.png, id=94, 722.7pt x 469.755pt>
File: ../outputs/plots/MM1K8-avg_n_queue.png Graphic file (type png)
<use ../outputs/plots/MM1K8-avg_n_queue.png>
Package pdftex.def Info: ../outputs/plots/MM1K8-avg_n_queue.png  used on input line 437.
(pdftex.def)             Requested size: 352.31625pt x 229.00644pt.
 [15 <../outputs/plots/MM1K8-avg_n_system.png>]
<../outputs/plots/MM1K8-avg_wait_queue.png, id=99, 722.7pt x 469.755pt>
File: ../outputs/plots/MM1K8-avg_wait_queue.png Graphic file (type png)
<use ../outputs/plots/MM1K8-avg_wait_queue.png>
Package pdftex.def Info: ../outputs/plots/MM1K8-avg_wait_queue.png  used on input line 446.
(pdftex.def)             Requested size: 352.31625pt x 229.00644pt.
<../outputs/plots/MM1K8-avg_response_time.png, id=100, 722.7pt x 469.755pt>
File: ../outputs/plots/MM1K8-avg_response_time.png Graphic file (type png)
<use ../outputs/plots/MM1K8-avg_response_time.png>
Package pdftex.def Info: ../outputs/plots/MM1K8-avg_response_time.png  used on input line 455.
(pdftex.def)             Requested size: 352.31625pt x 229.00644pt.
 [16 <../outputs/plots/MM1K8-avg_n_queue.png> <../outputs/plots/MM1K8-avg_wait_queue.png>]
<../outputs/plots/MM1K8-avg_time_in_servers.png, id=106, 722.7pt x 469.755pt>
File: ../outputs/plots/MM1K8-avg_time_in_servers.png Graphic file (type png)
<use ../outputs/plots/MM1K8-avg_time_in_servers.png>
Package pdftex.def Info: ../outputs/plots/MM1K8-avg_time_in_servers.png  used on input line 464.
(pdftex.def)             Requested size: 352.31625pt x 229.00644pt.
<../outputs/plots/MM1K8-throughput.png, id=107, 722.7pt x 469.755pt>
File: ../outputs/plots/MM1K8-throughput.png Graphic file (type png)
<use ../outputs/plots/MM1K8-throughput.png>
Package pdftex.def Info: ../outputs/plots/MM1K8-throughput.png  used on input line 473.
(pdftex.def)             Requested size: 352.31625pt x 229.00644pt.
 [17 <../outputs/plots/MM1K8-avg_response_time.png> <../outputs/plots/MM1K8-avg_time_in_servers.png>]
<../outputs/plots/MM1K8-drop_probability.png, id=113, 722.7pt x 469.755pt>
File: ../outputs/plots/MM1K8-drop_probability.png Graphic file (type png)
<use ../outputs/plots/MM1K8-drop_probability.png>
Package pdftex.def Info: ../outputs/plots/MM1K8-drop_probability.png  used on input line 482.
(pdftex.def)             Requested size: 352.31625pt x 229.00644pt.
 [18 <../outputs/plots/MM1K8-throughput.png> <../outputs/plots/MM1K8-drop_probability.png>]
<../outputs/plots/MM3K8-avg_n_system.png, id=119, 722.7pt x 469.755pt>
File: ../outputs/plots/MM3K8-avg_n_system.png Graphic file (type png)
<use ../outputs/plots/MM3K8-avg_n_system.png>
Package pdftex.def Info: ../outputs/plots/MM3K8-avg_n_system.png  used on input line 518.
(pdftex.def)             Requested size: 352.31625pt x 229.00644pt.
<../outputs/plots/MM3K8-avg_n_queue.png, id=120, 722.7pt x 469.755pt>
File: ../outputs/plots/MM3K8-avg_n_queue.png Graphic file (type png)
<use ../outputs/plots/MM3K8-avg_n_queue.png>
Package pdftex.def Info: ../outputs/plots/MM3K8-avg_n_queue.png  used on input line 527.
(pdftex.def)             Requested size: 352.31625pt x 229.00644pt.
 [19 <../outputs/plots/MM3K8-avg_n_system.png>]
<../outputs/plots/MM3K8-avg_wait_queue.png, id=126, 722.7pt x 469.755pt>
File: ../outputs/plots/MM3K8-avg_wait_queue.png Graphic file (type png)
<use ../outputs/plots/MM3K8-avg_wait_queue.png>
Package pdftex.def Info: ../outputs/plots/MM3K8-avg_wait_queue.png  used on input line 536.
(pdftex.def)             Requested size: 352.31625pt x 229.00644pt.
<../outputs/plots/MM3K8-avg_response_time.png, id=127, 722.7pt x 469.755pt>
File: ../outputs/plots/MM3K8-avg_response_time.png Graphic file (type png)
<use ../outputs/plots/MM3K8-avg_response_time.png>
Package pdftex.def Info: ../outputs/plots/MM3K8-avg_response_time.png  used on input line 545.
(pdftex.def)             Requested size: 352.31625pt x 229.00644pt.
 [20 <../outputs/plots/MM3K8-avg_n_queue.png> <../outputs/plots/MM3K8-avg_wait_queue.png>]
<../outputs/plots/MM3K8-avg_time_in_servers.png, id=133, 722.7pt x 469.755pt>
File: ../outputs/plots/MM3K8-avg_time_in_servers.png Graphic file (type png)
<use ../outputs/plots/MM3K8-avg_time_in_servers.png>
Package pdftex.def Info: ../outputs/plots/MM3K8-avg_time_in_servers.png  used on input line 554.
(pdftex.def)             Requested size: 352.31625pt x 229.00644pt.
<../outputs/plots/MM3K8-throughput.png, id=134, 722.7pt x 469.755pt>
File: ../outputs/plots/MM3K8-throughput.png Graphic file (type png)
<use ../outputs/plots/MM3K8-throughput.png>
Package pdftex.def Info: ../outputs/plots/MM3K8-throughput.png  used on input line 563.
(pdftex.def)             Requested size: 352.31625pt x 229.00644pt.
 [21 <../outputs/plots/MM3K8-avg_response_time.png> <../outputs/plots/MM3K8-avg_time_in_servers.png>]
<../outputs/plots/MM3K8-drop_probability.png, id=140, 722.7pt x 469.755pt>
File: ../outputs/plots/MM3K8-drop_probability.png Graphic file (type png)
<use ../outputs/plots/MM3K8-drop_probability.png>
Package pdftex.def Info: ../outputs/plots/MM3K8-drop_probability.png  used on input line 572.
(pdftex.def)             Requested size: 352.31625pt x 229.00644pt.
 [22 <../outputs/plots/MM3K8-throughput.png> <../outputs/plots/MM3K8-drop_probability.png>] [23] [24] [25]
Overfull \hbox (30.07976pt too wide) in paragraph at lines 734--735
[]\T1/cmr/m/n/12 Run ex-per-i-ments: \T1/cmtt/m/n/12 uv run python main.py experiments --replications 100 --sim-time
 []

[26] (./lab-simulator.aux)
 ***********
LaTeX2e <2025-11-01>
L3 programming layer <2026-03-20>
 ***********
 ) 
Here is how much of TeX's memory you used:
 4907 strings out of 469296
 86609 string characters out of 5464949
 505308 words of memory out of 5000000
 33683 multiletter control sequences out of 15000+600000
 640075 words of font info for 68 fonts, out of 8000000 for 9000
 36 hyphenation exceptions out of 8191
 57i,9n,65p,409b,269s stack positions out of 10000i,1000n,20000p,200000b,200000s
 </home/abdulhadi/.TinyTeX/texmf-var/fonts/pk/ljfour/jknappen/ec/ecrm0800.600pk> </home/abdulhadi/.TinyTeX/texmf-var/fonts/pk/ljfour/jknappen/ec/ectt1200.600pk> </home/abdulhadi/.TinyTeX/texmf-var/fonts/pk/ljfour/jknappen/ec/ecbx1200.600pk> </home/abdulhadi/.TinyTeX/texmf-var/fonts/pk/ljfour/jknappen/ec/tcrm1200.600pk> </home/abdulhadi/.TinyTeX/texmf-var/fonts/pk/ljfour/jknappen/ec/ecrm1200.600pk> </home/abdulhadi/.TinyTeX/texmf-var/fonts/pk/ljfour/jknappen/ec/ecbx1728.600pk> </home/abdulhadi/.TinyTeX/texmf-var/fonts/pk/ljfour/jknappen/ec/ecrm1440.600pk> </home/abdulhadi/.TinyTeX/texmf-var/fonts/pk/ljfour/jknappen/ec/ecbx1440.600pk> </home/abdulhadi/.TinyTeX/texmf-var/fonts/pk/ljfour/jknappen/ec/ecrm2074.600pk></home/abdulhadi/.TinyTeX/texmf-dist/fonts/type1/public/amsfonts/cm/cmex10.pfb></home/abdulhadi/.TinyTeX/texmf-dist/fonts/type1/public/amsfonts/cm/cmmi12.pfb></home/abdulhadi/.TinyTeX/texmf-dist/fonts/type1/public/amsfonts/cm/cmmi8.pfb></home/abdulhadi/.TinyTeX/texmf-dist/fonts/type1/public/amsfonts/cm/cmr12.pfb></home/abdulhadi/.TinyTeX/texmf-dist/fonts/type1/public/amsfonts/cm/cmr6.pfb></home/abdulhadi/.TinyTeX/texmf-dist/fonts/type1/public/amsfonts/cm/cmr8.pfb></home/abdulhadi/.TinyTeX/texmf-dist/fonts/type1/public/amsfonts/cm/cmsy10.pfb></home/abdulhadi/.TinyTeX/texmf-dist/fonts/type1/public/amsfonts/cm/cmsy8.pfb>
Output written on lab-simulator.pdf (26 pages, 2269122 bytes).
PDF statistics:
 541 PDF objects out of 1000 (max. 8388607)
 120 compressed objects within 2 object streams
 0 named destinations out of 1000 (max. 500000)
 141 words of extra memory for PDF output out of 10000 (max. 10000000)

